<?xml version="1.0" encoding="UTF-8"?>
<!-- Generated by org.testng.reporters.JUnitXMLReporter -->
<testsuite ignored="0" hostname="DESKTOP-74NAGSF" failures="0" tests="9" name="Default test" time="21.935" errors="0" timestamp="2023-02-07T12:12:05 IST">
  <testcase classname="api.test.DDTests" name="testPostUser" time="4.921"/>
  <testcase classname="api.test.DDTests" name="testPostUser" time="1.717"/>
  <testcase classname="api.test.DDTests" name="testPostUser" time="1.73"/>
  <testcase classname="api.test.DDTests" name="testGetUserByName" time="1.717"/>
  <testcase classname="api.test.DDTests" name="testGetUserByName" time="1.741"/>
  <testcase classname="api.test.DDTests" name="testGetUserByName" time="1.837"/>
  <testcase classname="api.test.DDTests" name="testDeleteUserByName" time="1.638"/>
  <testcase classname="api.test.DDTests" name="testDeleteUserByName" time="1.74"/>
  <testcase classname="api.test.DDTests" name="testDeleteUserByName" time="1.734"/>
</testsuite> <!-- Default test -->
