<?xml version="1.0" encoding="UTF-8"?>
<testng-results ignored="0" total="4" passed="4" failed="0" skipped="0">
  <reporter-output>
  </reporter-output>
  <suite started-at="2023-02-07T18:06:57 IST" name="PetSuite" finished-at="2023-02-07T18:07:12 IST" duration-ms="14919">
    <groups>
    </groups>
    <test started-at="2023-02-07T18:06:57 IST" name="PetTest" finished-at="2023-02-07T18:07:12 IST" duration-ms="14919">
      <class name="api.test.UserTests2Props">
        <test-method is-config="true" signature="setup()[pri:0, instance:api.test.UserTests2Props@273e7444]" started-at="2023-02-07T18:06:58 IST" name="setup" finished-at="2023-02-07T18:06:59 IST" duration-ms="1598" status="PASS">
          <reporter-output>
          </reporter-output>
        </test-method> <!-- setup -->
        <test-method signature="testPostUser()[pri:1, instance:api.test.UserTests2Props@273e7444]" started-at="2023-02-07T18:06:59 IST" name="testPostUser" finished-at="2023-02-07T18:07:05 IST" duration-ms="5491" status="PASS">
          <reporter-output>
          </reporter-output>
        </test-method> <!-- testPostUser -->
        <test-method signature="testGetUserByName()[pri:2, instance:api.test.UserTests2Props@273e7444]" started-at="2023-02-07T18:07:05 IST" name="testGetUserByName" finished-at="2023-02-07T18:07:07 IST" duration-ms="1908" status="PASS">
          <reporter-output>
          </reporter-output>
        </test-method> <!-- testGetUserByName -->
        <test-method signature="testUpdateUserByName()[pri:3, instance:api.test.UserTests2Props@273e7444]" started-at="2023-02-07T18:07:07 IST" name="testUpdateUserByName" finished-at="2023-02-07T18:07:10 IST" duration-ms="3455" status="PASS">
          <reporter-output>
          </reporter-output>
        </test-method> <!-- testUpdateUserByName -->
        <test-method signature="testDeleteUserByName()[pri:4, instance:api.test.UserTests2Props@273e7444]" started-at="2023-02-07T18:07:10 IST" name="testDeleteUserByName" finished-at="2023-02-07T18:07:12 IST" duration-ms="1736" status="PASS">
          <reporter-output>
          </reporter-output>
        </test-method> <!-- testDeleteUserByName -->
      </class> <!-- api.test.UserTests2Props -->
    </test> <!-- PetTest -->
  </suite> <!-- PetSuite -->
</testng-results>
