<?xml version="1.0" encoding="UTF-8"?>
<!-- Generated by org.testng.reporters.JUnitXMLReporter -->
<testsuite ignored="0" hostname="DESKTOP-74NAGSF" failures="0" tests="4" name="PetTest" time="14.919" errors="0" timestamp="2023-02-07T18:07:13 IST">
  <testcase classname="api.test.UserTests2Props" name="testPostUser" time="5.491"/>
  <testcase classname="api.test.UserTests2Props" name="testGetUserByName" time="1.908"/>
  <testcase classname="api.test.UserTests2Props" name="testUpdateUserByName" time="3.455"/>
  <testcase classname="api.test.UserTests2Props" name="testDeleteUserByName" time="1.736"/>
</testsuite> <!-- PetTest -->
